<?xml version="1.0" encoding="UTF-8"?>
<!-- Generated by org.testng.reporters.JUnitXMLReporter -->
<testsuite ignored="1" hostname="P3BLAP-138M1D6" failures="0" tests="2" name="Default test" time="38.958" errors="0" timestamp="2024-02-22T12:32:02 IST">
  <testcase classname="Automation.tests.StandaloneTest" name="submitOrder" time="3.66"/>
  <testcase classname="Automation.tests.StandaloneTest" name="submitOrder" time="5.181"/>
  <testcase classname="Automation.tests.StandaloneTest" name="orderHistoryPage" time="0.0">
    <ignored/>
  </testcase> <!-- orderHistoryPage -->
</testsuite> <!-- Default test -->
