<?xml version="1.0" encoding="UTF-8"?>
<!-- Generated by org.testng.reporters.JUnitXMLReporter -->
<testsuite ignored="2" hostname="P3BLAP-138M1D6" failures="0" tests="0" time="0.012" errors="0" timestamp="2024-02-22T12:16:11 IST">
  <testcase classname="Automation.tests.ErrorValidation" name="cartProductErrorValidation" time="0.0">
    <ignored/>
  </testcase> <!-- cartProductErrorValidation -->
  <testcase classname="Automation.tests.ErrorValidation" name="loginErrorValidation" time="0.0">
    <ignored/>
  </testcase> <!-- loginErrorValidation -->
</testsuite>
