<?xml version="1.0" encoding="UTF-8"?>
<testng-results ignored="0" total="2" passed="2" failed="0" skipped="0">
  <reporter-output>
  </reporter-output>
  <suite started-at="2024-02-22T12:31:23 IST" name="Default suite" finished-at="2024-02-22T12:32:02 IST" duration-ms="38958">
    <groups>
      <group name="Purchase">
        <method signature="StandaloneTest.submitOrder(java.util.HashMap)[pri:0, instance:Automation.tests.StandaloneTest@5ab956d7]" name="submitOrder" class="Automation.tests.StandaloneTest"/>
      </group> <!-- Purchase -->
    </groups>
    <test started-at="2024-02-22T12:31:23 IST" name="Default test" finished-at="2024-02-22T12:32:02 IST" duration-ms="38958">
      <class name="Automation.tests.StandaloneTest">
        <test-method is-config="true" signature="launchApplication()[pri:0, instance:Automation.tests.StandaloneTest@5ab956d7]" started-at="2024-02-22T12:31:23 IST" name="launchApplication" finished-at="2024-02-22T12:31:38 IST" duration-ms="15147" status="PASS">
          <reporter-output>
          </reporter-output>
        </test-method> <!-- launchApplication -->
        <test-method signature="submitOrder(java.util.HashMap)[pri:0, instance:Automation.tests.StandaloneTest@5ab956d7]" started-at="2024-02-22T12:31:38 IST" name="submitOrder" data-provider="getData" finished-at="2024-02-22T12:31:42 IST" duration-ms="3660" status="PASS">
          <params>
            <param index="0">
              <value>
                <![CDATA[{password=Password1, email=mncjdc@gmail.com, productName=ZARA COAT 3}]]>
              </value>
            </param>
          </params>
          <reporter-output>
          </reporter-output>
        </test-method> <!-- submitOrder -->
        <test-method is-config="true" signature="closeBrowser()[pri:0, instance:Automation.tests.StandaloneTest@5ab956d7]" started-at="2024-02-22T12:31:42 IST" name="closeBrowser" finished-at="2024-02-22T12:31:42 IST" duration-ms="207" status="PASS">
          <reporter-output>
          </reporter-output>
        </test-method> <!-- closeBrowser -->
        <test-method is-config="true" signature="launchApplication()[pri:0, instance:Automation.tests.StandaloneTest@5ab956d7]" started-at="2024-02-22T12:31:42 IST" name="launchApplication" finished-at="2024-02-22T12:31:56 IST" duration-ms="14352" status="PASS">
          <reporter-output>
          </reporter-output>
        </test-method> <!-- launchApplication -->
        <test-method signature="submitOrder(java.util.HashMap)[pri:0, instance:Automation.tests.StandaloneTest@5ab956d7]" started-at="2024-02-22T12:31:56 IST" name="submitOrder" data-provider="getData" finished-at="2024-02-22T12:32:02 IST" duration-ms="5181" status="PASS">
          <params>
            <param index="0">
              <value>
                <![CDATA[{password=Iamking@000, email=shetty@gmail.com, productName=ADIDAS ORIGINAL}]]>
              </value>
            </param>
          </params>
          <reporter-output>
          </reporter-output>
        </test-method> <!-- submitOrder -->
        <test-method is-config="true" signature="closeBrowser()[pri:0, instance:Automation.tests.StandaloneTest@5ab956d7]" started-at="2024-02-22T12:32:02 IST" name="closeBrowser" finished-at="2024-02-22T12:32:02 IST" duration-ms="113" status="PASS">
          <reporter-output>
          </reporter-output>
        </test-method> <!-- closeBrowser -->
      </class> <!-- Automation.tests.StandaloneTest -->
    </test> <!-- Default test -->
  </suite> <!-- Default suite -->
</testng-results>
